<?xml version="1.0" encoding="UTF-8"?>
<testng-results ignored="0" total="1" passed="1" failed="0" skipped="0">
  <reporter-output>
    <line>
      <![CDATA[Successfully Launched Chrome Browser]]>
    </line>
    <line>
      <![CDATA[Browser window is maximized successfully]]>
    </line>
    <line>
      <![CDATA[home page is displayed]]>
    </line>
    <line>
      <![CDATA[tha product has been added to shopping cart successfully]]>
    </line>
  </reporter-output>
  <suite started-at="2022-03-02T19:03:52 IST" name="Default suite" finished-at="2022-03-02T19:04:09 IST" duration-ms="17020">
    <groups>
    </groups>
    <test started-at="2022-03-02T19:03:52 IST" name="Default test" finished-at="2022-03-02T19:04:09 IST" duration-ms="17020">
      <class name="computers.TC_JW_18_Test">
        <test-method is-config="true" signature="openTheBrowser(java.lang.String)[pri:0, instance:computers.TC_JW_18_Test@378542de]" started-at="2022-03-02T19:03:52 IST" name="openTheBrowser" finished-at="2022-03-02T19:03:57 IST" duration-ms="4836" status="PASS">
          <params>
            <param index="0">
              <value>
                <![CDATA[chrome]]>
              </value>
            </param>
          </params>
          <reporter-output>
            <line>
              <![CDATA[Successfully Launched Chrome Browser]]>
            </line>
            <line>
              <![CDATA[Browser window is maximized successfully]]>
            </line>
          </reporter-output>
        </test-method> <!-- openTheBrowser -->
        <test-method is-config="true" signature="loginToApplication()[pri:0, instance:computers.TC_JW_18_Test@378542de]" started-at="2022-03-02T19:03:57 IST" name="loginToApplication" finished-at="2022-03-02T19:04:03 IST" duration-ms="5455" status="PASS">
          <reporter-output>
          </reporter-output>
        </test-method> <!-- loginToApplication -->
        <test-method signature="sample()[pri:0, instance:computers.TC_JW_18_Test@378542de]" started-at="2022-03-02T19:04:03 IST" name="sample" finished-at="2022-03-02T19:04:08 IST" duration-ms="5302" status="PASS">
          <reporter-output>
            <line>
              <![CDATA[home page is displayed]]>
            </line>
            <line>
              <![CDATA[tha product has been added to shopping cart successfully]]>
            </line>
          </reporter-output>
        </test-method> <!-- sample -->
        <test-method is-config="true" signature="logoutOfApplication()[pri:0, instance:computers.TC_JW_18_Test@378542de]" started-at="2022-03-02T19:04:08 IST" name="logoutOfApplication" finished-at="2022-03-02T19:04:09 IST" duration-ms="1091" status="PASS">
          <reporter-output>
          </reporter-output>
        </test-method> <!-- logoutOfApplication -->
        <test-method is-config="true" signature="closeTheBrowser()[pri:0, instance:computers.TC_JW_18_Test@378542de]" started-at="2022-03-02T19:04:09 IST" name="closeTheBrowser" finished-at="2022-03-02T19:04:09 IST" duration-ms="266" status="PASS">
          <reporter-output>
          </reporter-output>
        </test-method> <!-- closeTheBrowser -->
      </class> <!-- computers.TC_JW_18_Test -->
    </test> <!-- Default test -->
  </suite> <!-- Default suite -->
</testng-results>
